"2016/08/01 13:19:46:452",[ INICIO PROCESO ]
"2016/08/01 13:19:46:452",[Configuracion]
RutaSalida=C:\DT_LIQMIN2_AM14
ProcesarSCRATCH=True
ReprocesarExistentes=False
TerminarProceso=False
[Clases_SCRATCH]
CPY
OSQ
CBL
DCL
CPY
TAB
INS
DEL
UPD
ORW
[Clases_Productos]
OSQ, fLstRefCruzadas

"2016/08/01 13:19:47:432",[ Inicio OSQ ]
"2016/08/01 13:19:51:842",fLstRefCruzadas OSQ LAM143GLOSQ AM09PR73; archivo salida: fLstRefCruzadas OSQ LAM143GLOSQ AM09PR73
"2016/08/01 13:20:05:141",fLstRefCruzadas OSQ LAM143GLOSQ AM09PR73; archivo salida: fLstRefCruzadas OSQ LAM143GLOSQ AM09PR73
"2016/08/01 13:20:05:161",fLstRefCruzadas OSQ LAM143GLOSQ AM09PRCARGAPROAMIG; archivo salida: fLstRefCruzadas OSQ LAM143GLOSQ AM09PRCARGAPROAMIG
"2016/08/01 13:20:16:001",fLstRefCruzadas OSQ LAM143GLOSQ AM09PRCARGAPROAMIG; archivo salida: fLstRefCruzadas OSQ LAM143GLOSQ AM09PRCARGAPROAMIG
"2016/08/01 13:20:16:041",fLstRefCruzadas OSQ LAM143GLOSQ AM09PR83; archivo salida: fLstRefCruzadas OSQ LAM143GLOSQ AM09PR83
"2016/08/01 13:20:21:931",fLstRefCruzadas OSQ LAM143GLOSQ AM09PR83; archivo salida: fLstRefCruzadas OSQ LAM143GLOSQ AM09PR83
"2016/08/01 13:20:21:991",fLstRefCruzadas OSQ LAM143GLOSQ AM14US446; archivo salida: fLstRefCruzadas OSQ LAM143GLOSQ AM14US446
"2016/08/01 13:20:35:491",fLstRefCruzadas OSQ LAM143GLOSQ AM14US446; archivo salida: fLstRefCruzadas OSQ LAM143GLOSQ AM14US446
"2016/08/01 13:20:35:561",fLstRefCruzadas OSQ LAM143GLOSQ AM14AP010; archivo salida: fLstRefCruzadas OSQ LAM143GLOSQ AM14AP010
"2016/08/01 13:22:27:821",fLstRefCruzadas OSQ LAM143GLOSQ AM14AP010; archivo salida: fLstRefCruzadas OSQ LAM143GLOSQ AM14AP010
"2016/08/01 13:22:27:841",fLstRefCruzadas OSQ LAM143GLOSQ AM14AP070; archivo salida: fLstRefCruzadas OSQ LAM143GLOSQ AM14AP070
"2016/08/01 13:23:14:851",fLstRefCruzadas OSQ LAM143GLOSQ AM14AP070; archivo salida: fLstRefCruzadas OSQ LAM143GLOSQ AM14AP070
"2016/08/01 13:23:14:871",fLstRefCruzadas OSQ LAM143GLOSQ AM14AP11; archivo salida: fLstRefCruzadas OSQ LAM143GLOSQ AM14AP11
"2016/08/01 13:26:03:876",fLstRefCruzadas OSQ LAM143GLOSQ AM14AP11; archivo salida: fLstRefCruzadas OSQ LAM143GLOSQ AM14AP11
"2016/08/01 13:26:03:900",fLstRefCruzadas OSQ LAM143GLOSQ AM14AP031; archivo salida: fLstRefCruzadas OSQ LAM143GLOSQ AM14AP031
